<?xml version="1.0" encoding="UTF-8"?>
<!-- Generated by org.testng.reporters.JUnitXMLReporter -->
<testsuite hostname="DESKTOP-H0EQQIL" name="Default test" tests="5" failures="0" timestamp="17 Dec 2020 16:13:22 GMT" time="15.585" errors="0">
  <testcase name="navigateToAtomationPractise2Page" time="13.672" classname="AutomationProject.academy.AutomationPractise_2Test"/>
  <testcase name="validateAutoSuggest" time="1.063" classname="AutomationProject.academy.AutomationPractise_2Test"/>
  <testcase name="validateCheckBox" time="0.343" classname="AutomationProject.academy.AutomationPractise_2Test"/>
  <testcase name="validateRadioButton" time="0.172" classname="AutomationProject.academy.AutomationPractise_2Test"/>
  <testcase name="validateSimpleDropDown" time="0.3" classname="AutomationProject.academy.AutomationPractise_2Test"/>
</testsuite> <!-- Default test -->
