<?xml version="1.0" encoding="UTF-8"?>
<!-- Generated by org.testng.reporters.JUnitXMLReporter -->
<testsuite hostname="DESKTOP-H0EQQIL" name="Default test" tests="5" failures="0" timestamp="18 Dec 2020 15:29:47 GMT" time="14.126" errors="0">
  <testcase name="validateAutoSuggest" time="2.968" classname="AutomationProject.academy.AutomationPractise_2Test"/>
  <testcase name="validateAutoSuggest" time="2.382" classname="AutomationProject.academy.AutomationPractise_2Test"/>
  <testcase name="validateCheckBox" time="0.109" classname="AutomationProject.academy.AutomationPractise_2Test"/>
  <testcase name="validateRadioButton" time="0.12" classname="AutomationProject.academy.AutomationPractise_2Test"/>
  <testcase name="validateSimpleDropDown" time="0.162" classname="AutomationProject.academy.AutomationPractise_2Test"/>
</testsuite> <!-- Default test -->
