<?xml version="1.0" encoding="UTF-8"?>
<!-- Generated by org.testng.reporters.JUnitXMLReporter -->
<testsuite hostname="DESKTOP-H0EQQIL" name="AutomationPractice-2" tests="3" failures="0" timestamp="18 Dec 2020 15:47:30 GMT" time="15.356" errors="0">
  <testcase name="validateCheckBox" time="0.234" classname="AutomationProject.academy.AutomationPractise_2Test"/>
  <testcase name="validateAutoSuggest" time="2.749" classname="AutomationProject.academy.AutomationPractise_2Test"/>
  <testcase name="validateAutoSuggest" time="2.385" classname="AutomationProject.academy.AutomationPractise_2Test"/>
</testsuite> <!-- AutomationPractice-2 -->
